<?xml version="1.0" encoding="UTF-8"?>
<!-- Generated by org.testng.reporters.JUnitReportReporter -->
<testsuite ignored="0" hostname="erickroma-HP-245-G7-Notebook-PC" failures="0" tests="1" name="CoolTester.Selenium.AppTest" time="0.118" errors="0" timestamp="12 Sep 2020 13:52:08 GMT" skipped="0">
  <testcase classname="CoolTester.Selenium.AppTest" name="shouldAnswerWithTrue" time="0.118"/>
</testsuite> <!-- CoolTester.Selenium.AppTest -->
